<?xml version="1.0" encoding="UTF-8"?>
<!-- Generated by org.testng.reporters.JUnitXMLReporter -->
<testsuite hostname="DESKTOP-GJ5PTSI" name="Default test" tests="2" failures="0" timestamp="6 Jun 2019 20:20:07 GMT" time="20.926" errors="0">
  <testcase name="GetAllLinksContainsTouchTunesAndWriteToFile" time="6.992" classname="com.touchtunes.tests.PressSmokeTests"/>
  <testcase name="VerifyPressLinksAndPrintBrokenLinks" time="6.36" classname="com.touchtunes.tests.PressSmokeTests"/>
</testsuite> <!-- Default test -->
