<?xml version="1.0" encoding="UTF-8"?>
<testng-results skipped="0" failed="0" total="2" passed="2">
  <reporter-output>
  </reporter-output>
  <suite name="Default suite" duration-ms="20926" started-at="2019-06-06T20:19:46Z" finished-at="2019-06-06T20:20:06Z">
    <groups>
    </groups>
    <test name="Default test" duration-ms="20926" started-at="2019-06-06T20:19:46Z" finished-at="2019-06-06T20:20:06Z">
      <class name="com.touchtunes.tests.PressSmokeTests">
        <test-method status="PASS" signature="Setup()[pri:0, instance:com.touchtunes.tests.PressSmokeTests@7823a2f9]" name="Setup" is-config="true" duration-ms="6745" started-at="2019-06-06T17:19:46Z" finished-at="2019-06-06T17:19:52Z">
          <reporter-output>
          </reporter-output>
        </test-method> <!-- Setup -->
        <test-method status="PASS" signature="GetAllLinksContainsTouchTunesAndWriteToFile()[pri:0, instance:com.touchtunes.tests.PressSmokeTests@7823a2f9]" name="GetAllLinksContainsTouchTunesAndWriteToFile" duration-ms="6992" started-at="2019-06-06T17:19:52Z" finished-at="2019-06-06T17:19:59Z">
          <reporter-output>
          </reporter-output>
        </test-method> <!-- GetAllLinksContainsTouchTunesAndWriteToFile -->
        <test-method status="PASS" signature="VerifyPressLinksAndPrintBrokenLinks()[pri:1, instance:com.touchtunes.tests.PressSmokeTests@7823a2f9]" name="VerifyPressLinksAndPrintBrokenLinks" duration-ms="6360" started-at="2019-06-06T17:19:59Z" finished-at="2019-06-06T17:20:06Z">
          <reporter-output>
          </reporter-output>
        </test-method> <!-- VerifyPressLinksAndPrintBrokenLinks -->
        <test-method status="PASS" signature="Teardown()[pri:0, instance:com.touchtunes.tests.PressSmokeTests@7823a2f9]" name="Teardown" is-config="true" duration-ms="806" started-at="2019-06-06T17:20:06Z" finished-at="2019-06-06T17:20:06Z">
          <reporter-output>
          </reporter-output>
        </test-method> <!-- Teardown -->
      </class> <!-- com.touchtunes.tests.PressSmokeTests -->
    </test> <!-- Default test -->
  </suite> <!-- Default suite -->
</testng-results>
